<?xml version="1.0" encoding="UTF-8"?>
<!-- Generated by org.testng.reporters.JUnitReportReporter -->
<testsuite hostname="62fb998dc19a" failures="0" tests="9" name="com.sample.tests.vendorportal.VendorPortalTest" time="11.473" errors="0" timestamp="2023-10-07T18:14:13 GMT" skipped="0">
  <testcase classname="com.sample.tests.vendorportal.VendorPortalTest" name="dashboardTest" time="1.602"/>
  <testcase classname="com.sample.tests.vendorportal.VendorPortalTest" name="dashboardTest" time="1.569"/>
  <testcase classname="com.sample.tests.vendorportal.VendorPortalTest" name="loginTest" time="0.814"/>
  <testcase classname="com.sample.tests.vendorportal.VendorPortalTest" name="logoutTest" time="1.528"/>
  <testcase classname="com.sample.tests.vendorportal.VendorPortalTest" name="logoutTest" time="1.485"/>
  <testcase classname="com.sample.tests.vendorportal.VendorPortalTest" name="loginTest" time="0.809"/>
  <testcase classname="com.sample.tests.vendorportal.VendorPortalTest" name="logoutTest" time="1.458"/>
  <testcase classname="com.sample.tests.vendorportal.VendorPortalTest" name="dashboardTest" time="1.529"/>
  <testcase classname="com.sample.tests.vendorportal.VendorPortalTest" name="loginTest" time="0.679"/>
</testsuite> <!-- com.sample.tests.vendorportal.VendorPortalTest -->
