<?xml version="1.0" encoding="UTF-8"?>
<!-- Generated by org.testng.reporters.JUnitReportReporter -->
<testsuite hostname="7f1b33490837" failures="0" tests="9" name="com.sample.tests.vendorportal.VendorPortalTest" time="21.767" errors="0" timestamp="2023-10-05T09:32:37 GMT" skipped="0">
  <testcase classname="com.sample.tests.vendorportal.VendorPortalTest" name="dashboardTest" time="2.723"/>
  <testcase classname="com.sample.tests.vendorportal.VendorPortalTest" name="logoutTest" time="1.466"/>
  <testcase classname="com.sample.tests.vendorportal.VendorPortalTest" name="logoutTest" time="1.421"/>
  <testcase classname="com.sample.tests.vendorportal.VendorPortalTest" name="loginTest" time="4.053"/>
  <testcase classname="com.sample.tests.vendorportal.VendorPortalTest" name="dashboardTest" time="3.193"/>
  <testcase classname="com.sample.tests.vendorportal.VendorPortalTest" name="logoutTest" time="1.459"/>
  <testcase classname="com.sample.tests.vendorportal.VendorPortalTest" name="dashboardTest" time="2.672"/>
  <testcase classname="com.sample.tests.vendorportal.VendorPortalTest" name="loginTest" time="4.037"/>
  <testcase classname="com.sample.tests.vendorportal.VendorPortalTest" name="loginTest" time="0.743"/>
</testsuite> <!-- com.sample.tests.vendorportal.VendorPortalTest -->
