<?xml version="1.0" encoding="UTF-8"?>
<!-- Generated by org.testng.reporters.JUnitReportReporter -->
<testsuite hostname="Karthiks-MacBook-Pro.local" failures="0" tests="9" name="com.sample.tests.vendorportal.VendorPortalTest" time="16.890" errors="0" timestamp="2023-10-05T11:37:45 IST" skipped="0">
  <testcase classname="com.sample.tests.vendorportal.VendorPortalTest" name="dashboardTest" time="2.049"/>
  <testcase classname="com.sample.tests.vendorportal.VendorPortalTest" name="dashboardTest" time="1.576"/>
  <testcase classname="com.sample.tests.vendorportal.VendorPortalTest" name="logoutTest" time="1.196"/>
  <testcase classname="com.sample.tests.vendorportal.VendorPortalTest" name="logoutTest" time="1.214"/>
  <testcase classname="com.sample.tests.vendorportal.VendorPortalTest" name="loginTest" time="2.134"/>
  <testcase classname="com.sample.tests.vendorportal.VendorPortalTest" name="loginTest" time="2.049"/>
  <testcase classname="com.sample.tests.vendorportal.VendorPortalTest" name="loginTest" time="2.275"/>
  <testcase classname="com.sample.tests.vendorportal.VendorPortalTest" name="dashboardTest" time="3.177"/>
  <testcase classname="com.sample.tests.vendorportal.VendorPortalTest" name="logoutTest" time="1.220"/>
</testsuite> <!-- com.sample.tests.vendorportal.VendorPortalTest -->
